
> beyond-lace@0.1.0 build
> next build

▲ Next.js 16.2.10 (Turbopack)
- Environments: .env.local

  Creating an optimized production build ...
✓ Compiled successfully in 9.0s
  Running TypeScript ...
  Finished TypeScript in 8.6s ...
  Collecting page data using 7 workers ...
  Generating static pages using 7 workers (0/51) ...
  Generating static pages using 7 workers (12/51) 
  Generating static pages using 7 workers (25/51) 
  Generating static pages using 7 workers (38/51) 
✓ Generating static pages using 7 workers (51/51) in 2.3s
  Finalizing page optimization ...

Route (app)
┌ ○ /
├ ○ /_not-found
├ ○ /account
├ ƒ /api/contact
├ ƒ /api/products
├ ƒ /api/quiz-lead
├ ƒ /api/wholesale
├ ○ /brand
├ ○ /careers
├ ○ /cart
├ ○ /checkout
├ ○ /circle
├ ○ /drops
├ ○ /learn
├ ○ /learn/quiz
├ ● /legal/[slug]
│ ├ /legal/privacy
│ ├ /legal/terms
│ ├ /legal/wholesale-terms
│ └ [+3 more paths]
├ ● /lp/[slug]
│ ├ /lp/influencer-affiliates
│ ├ /lp/salon-onboarding
│ ├ /lp/quiz
│ └ [+2 more paths]
├ ● /product/[slug]
│ ├ /product/lace-test-kit
│ ├ /product/the-hold-lace-adhesive
│ ├ /product/beyond-care-ritual-box
│ └ [+12 more paths]
├ ƒ /search
├ ƒ /shop
├ ○ /shop/bestsellers
├ ○ /shop/new-arrivals
├ ○ /shop/sale
├ ƒ /sign-in/[[...sign-in]]
├ ƒ /sign-up/[[...sign-up]]
├ ○ /support
├ ○ /try-on
├ ○ /wholesale
└ ○ /wishlist


ƒ Proxy (Middleware)

○  (Static)   prerendered as static content
●  (SSG)      prerendered as static HTML (uses generateStaticParams)
ƒ  (Dynamic)  server-rendered on demand

