
added 11 packages in 26s
npm warn allow-scripts 1 package has install scripts not yet covered by allowScripts:
npm warn allow-scripts   sharp@0.34.5 (install: node install/check.js || npm run build)
npm warn allow-scripts
npm warn allow-scripts Run `npm install-scripts ls` to review, or `npm install-scripts approve <pkg>` to allow.
npm error code ERESOLVE
npm error ERESOLVE could not resolve
npm error
npm error While resolving: vite@8.1.5
npm error Found: @types/node@22.10.7
npm error node_modules/@types/node
npm error   dev @types/node@"22.10.7" from the root project
npm error   peerOptional @types/node@"^20.0.0 || ^22.0.0 || >=24.0.0" from vitest@4.1.10
npm error   node_modules/vitest
npm error     dev vitest@"*" from the root project
npm error
npm error Could not resolve dependency:
npm error peerOptional @types/node@"^20.19.0 || >=22.12.0" from vite@8.1.5
npm error node_modules/vite
npm error   peer vite@"^8.0.0" from @vitejs/plugin-react@6.0.3
npm error   node_modules/@vitejs/plugin-react
npm error     dev @vitejs/plugin-react@"*" from the root project
npm error   vite@"^6.0.0 || ^7.0.0 || ^8.0.0" from vitest@4.1.10
npm error   node_modules/vitest
npm error     dev vitest@"*" from the root project
npm error
npm error Conflicting peer dependency: @types/node@26.1.1
npm error node_modules/@types/node
npm error   peerOptional @types/node@"^20.19.0 || >=22.12.0" from vite@8.1.5
npm error   node_modules/vite
npm error     peer vite@"^8.0.0" from @vitejs/plugin-react@6.0.3
npm error     node_modules/@vitejs/plugin-react
npm error       dev @vitejs/plugin-react@"*" from the root project
npm error     vite@"^6.0.0 || ^7.0.0 || ^8.0.0" from vitest@4.1.10
npm error     node_modules/vitest
npm error       dev vitest@"*" from the root project
npm error
npm error Fix the upstream dependency conflict, or retry this command with --force or --legacy-peer-deps to accept an incorrect (and potentially broken) dependency resolution.
npm error
npm error
npm error For a full report see:
npm error C:\Users\dell\AppData\Local\npm-cache\_logs\2026-07-19T15_50_56_029Z-eresolve-report.txt
npm error A complete log of this run can be found in: C:\Users\dell\AppData\Local\npm-cache\_logs\2026-07-19T15_50_56_029Z-debug-0.log
